2019-09-02 11:19:03,071 INFO com.jonathanweb.funescalade.FunEscaladeApplication [restartedMain] Starting FunEscaladeApplication on DESKTOP-K7ITJNJ with PID 13904 (C:\Users\Utilisateur\eclipse-workspace\EscaladeBootCurrent\target\classes started by Utilisateur in C:\Users\Utilisateur\eclipse-workspace\EscaladeBootCurrent)
2019-09-02 11:19:03,073 DEBUG com.jonathanweb.funescalade.FunEscaladeApplication [restartedMain] Running with Spring Boot v2.1.0.RELEASE, Spring v5.1.2.RELEASE
2019-09-02 11:19:03,074 INFO com.jonathanweb.funescalade.FunEscaladeApplication [restartedMain] The following profiles are active: dev
2019-09-02 11:19:09,916 INFO com.jonathanweb.funescalade.FunEscaladeApplication [restartedMain] Started FunEscaladeApplication in 7.126 seconds (JVM running for 7.76)
2019-09-02 11:19:09,918 DEBUG com.jonathanweb.funescalade.FunEscaladeApplication [restartedMain] **** Create default user  [ADMIN, ADMIN, admin@test.com, admin2017]
2019-09-02 11:19:10,017 INFO com.jonathanweb.funescalade.FunEscaladeApplication [restartedMain] Start FunEscaladeAplication GO! ...
2019-09-02 12:00:32,733 INFO com.jonathanweb.funescalade.FunEscaladeApplication [restartedMain] Starting FunEscaladeApplication on DESKTOP-K7ITJNJ with PID 14056 (C:\Users\Utilisateur\eclipse-workspace\EscaladeBootCurrent\target\classes started by Utilisateur in C:\Users\Utilisateur\eclipse-workspace\EscaladeBootCurrent)
2019-09-02 12:00:32,736 DEBUG com.jonathanweb.funescalade.FunEscaladeApplication [restartedMain] Running with Spring Boot v2.1.0.RELEASE, Spring v5.1.2.RELEASE
2019-09-02 12:00:32,737 INFO com.jonathanweb.funescalade.FunEscaladeApplication [restartedMain] The following profiles are active: dev
2019-09-02 12:00:39,110 INFO com.jonathanweb.funescalade.FunEscaladeApplication [restartedMain] Started FunEscaladeApplication in 6.648 seconds (JVM running for 7.3)
2019-09-02 12:00:39,113 DEBUG com.jonathanweb.funescalade.FunEscaladeApplication [restartedMain] **** Create default user  [ADMIN, ADMIN, admin@test.com, admin2017]
2019-09-02 12:00:39,207 INFO com.jonathanweb.funescalade.FunEscaladeApplication [restartedMain] Start FunEscaladeAplication GO! ...
2019-09-02 12:12:26,655 INFO com.jonathanweb.funescalade.FunEscaladeApplication [restartedMain] Starting FunEscaladeApplication on DESKTOP-K7ITJNJ with PID 14056 (C:\Users\Utilisateur\eclipse-workspace\EscaladeBootCurrent\target\classes started by Utilisateur in C:\Users\Utilisateur\eclipse-workspace\EscaladeBootCurrent)
2019-09-02 12:12:26,681 DEBUG com.jonathanweb.funescalade.FunEscaladeApplication [restartedMain] Running with Spring Boot v2.1.0.RELEASE, Spring v5.1.2.RELEASE
2019-09-02 12:12:26,704 INFO com.jonathanweb.funescalade.FunEscaladeApplication [restartedMain] The following profiles are active: dev
2019-09-02 12:12:28,735 INFO com.jonathanweb.funescalade.FunEscaladeApplication [restartedMain] Started FunEscaladeApplication in 2.552 seconds (JVM running for 716.925)
2019-09-02 12:12:28,738 DEBUG com.jonathanweb.funescalade.FunEscaladeApplication [restartedMain] **** Create default user  [ADMIN, ADMIN, admin@test.com, admin2017]
2019-09-02 12:12:28,745 INFO com.jonathanweb.funescalade.FunEscaladeApplication [restartedMain] Start FunEscaladeAplication GO! ...
2019-09-02 12:14:14,836 INFO com.jonathanweb.funescalade.FunEscaladeApplication [restartedMain] Starting FunEscaladeApplication on DESKTOP-K7ITJNJ with PID 5088 (C:\Users\Utilisateur\eclipse-workspace\EscaladeBootCurrent\target\classes started by Utilisateur in C:\Users\Utilisateur\eclipse-workspace\EscaladeBootCurrent)
2019-09-02 12:14:14,839 DEBUG com.jonathanweb.funescalade.FunEscaladeApplication [restartedMain] Running with Spring Boot v2.1.0.RELEASE, Spring v5.1.2.RELEASE
2019-09-02 12:14:14,840 INFO com.jonathanweb.funescalade.FunEscaladeApplication [restartedMain] The following profiles are active: dev
2019-09-02 12:14:20,699 INFO com.jonathanweb.funescalade.FunEscaladeApplication [restartedMain] Started FunEscaladeApplication in 6.117 seconds (JVM running for 6.739)
2019-09-02 12:14:20,700 DEBUG com.jonathanweb.funescalade.FunEscaladeApplication [restartedMain] **** Create default user  [ADMIN, ADMIN, admin@test.com, admin2017]
2019-09-02 12:14:20,778 INFO com.jonathanweb.funescalade.FunEscaladeApplication [restartedMain] Start FunEscaladeAplication GO! ...
2019-09-02 12:17:32,195 INFO com.jonathanweb.funescalade.FunEscaladeApplication [restartedMain] Starting FunEscaladeApplication on DESKTOP-K7ITJNJ with PID 3988 (C:\Users\Utilisateur\eclipse-workspace\EscaladeBootCurrent\target\classes started by Utilisateur in C:\Users\Utilisateur\eclipse-workspace\EscaladeBootCurrent)
2019-09-02 12:17:32,197 DEBUG com.jonathanweb.funescalade.FunEscaladeApplication [restartedMain] Running with Spring Boot v2.1.0.RELEASE, Spring v5.1.2.RELEASE
2019-09-02 12:17:32,198 INFO com.jonathanweb.funescalade.FunEscaladeApplication [restartedMain] The following profiles are active: dev
2019-09-02 12:17:38,015 INFO com.jonathanweb.funescalade.FunEscaladeApplication [restartedMain] Started FunEscaladeApplication in 6.13 seconds (JVM running for 6.841)
2019-09-02 12:17:38,017 DEBUG com.jonathanweb.funescalade.FunEscaladeApplication [restartedMain] **** Create default user  [ADMIN, ADMIN, admin@test.com, admin2017]
2019-09-02 12:17:38,093 INFO com.jonathanweb.funescalade.FunEscaladeApplication [restartedMain] Start FunEscaladeAplication GO! ...
2019-09-02 12:23:11,628 INFO com.jonathanweb.funescalade.FunEscaladeApplication [restartedMain] Starting FunEscaladeApplication on DESKTOP-K7ITJNJ with PID 13208 (C:\Users\Utilisateur\eclipse-workspace\EscaladeBootCurrent\target\classes started by Utilisateur in C:\Users\Utilisateur\eclipse-workspace\EscaladeBootCurrent)
2019-09-02 12:23:11,631 DEBUG com.jonathanweb.funescalade.FunEscaladeApplication [restartedMain] Running with Spring Boot v2.1.0.RELEASE, Spring v5.1.2.RELEASE
2019-09-02 12:23:11,632 INFO com.jonathanweb.funescalade.FunEscaladeApplication [restartedMain] The following profiles are active: dev
2019-09-02 12:23:17,343 INFO com.jonathanweb.funescalade.FunEscaladeApplication [restartedMain] Started FunEscaladeApplication in 6.073 seconds (JVM running for 6.76)
2019-09-02 12:23:17,345 DEBUG com.jonathanweb.funescalade.FunEscaladeApplication [restartedMain] **** Create default user  [ADMIN, ADMIN, admin@test.com, admin2017]
2019-09-02 12:23:17,427 INFO com.jonathanweb.funescalade.FunEscaladeApplication [restartedMain] Start FunEscaladeAplication GO! ...
2019-09-02 15:08:03,268 INFO com.jonathanweb.funescalade.FunEscaladeApplication [restartedMain] Starting FunEscaladeApplication on DESKTOP-K7ITJNJ with PID 13208 (C:\Users\Utilisateur\eclipse-workspace\EscaladeBootCurrent\target\classes started by Utilisateur in C:\Users\Utilisateur\eclipse-workspace\EscaladeBootCurrent)
2019-09-02 15:08:03,268 DEBUG com.jonathanweb.funescalade.FunEscaladeApplication [restartedMain] Running with Spring Boot v2.1.0.RELEASE, Spring v5.1.2.RELEASE
2019-09-02 15:08:03,269 INFO com.jonathanweb.funescalade.FunEscaladeApplication [restartedMain] The following profiles are active: dev
2019-09-02 15:08:04,882 INFO com.jonathanweb.funescalade.FunEscaladeApplication [restartedMain] Starting FunEscaladeApplication on DESKTOP-K7ITJNJ with PID 6128 (C:\Users\Utilisateur\eclipse-workspace\EscaladeBootCurrent\target\classes started by Utilisateur in C:\Users\Utilisateur\eclipse-workspace\EscaladeBootCurrent)
2019-09-02 15:08:04,886 DEBUG com.jonathanweb.funescalade.FunEscaladeApplication [restartedMain] Running with Spring Boot v2.1.0.RELEASE, Spring v5.1.2.RELEASE
2019-09-02 15:08:04,925 INFO com.jonathanweb.funescalade.FunEscaladeApplication [restartedMain] The following profiles are active: dev
2019-09-02 15:08:08,043 INFO com.jonathanweb.funescalade.FunEscaladeApplication [restartedMain] Started FunEscaladeApplication in 4.871 seconds (JVM running for 9897.46)
2019-09-02 15:08:08,045 DEBUG com.jonathanweb.funescalade.FunEscaladeApplication [restartedMain] **** Create default user  [ADMIN, ADMIN, admin@test.com, admin2017]
2019-09-02 15:08:08,060 INFO com.jonathanweb.funescalade.FunEscaladeApplication [restartedMain] Start FunEscaladeAplication GO! ...
2019-09-02 15:08:13,225 ERROR org.apache.catalina.util.LifecycleBase [restartedMain] Failed to start component [Connector[HTTP/1.1-8088]]
org.apache.catalina.LifecycleException: Protocol handler start failed
	at org.apache.catalina.connector.Connector.startInternal(Connector.java:960)
	at org.apache.catalina.util.LifecycleBase.start(LifecycleBase.java:183)
	at org.apache.catalina.core.StandardService.addConnector(StandardService.java:225)
	at org.springframework.boot.web.embedded.tomcat.TomcatWebServer.addPreviouslyRemovedConnectors(TomcatWebServer.java:259)
	at org.springframework.boot.web.embedded.tomcat.TomcatWebServer.start(TomcatWebServer.java:197)
	at org.springframework.boot.web.servlet.context.ServletWebServerApplicationContext.startWebServer(ServletWebServerApplicationContext.java:300)
	at org.springframework.boot.web.servlet.context.ServletWebServerApplicationContext.finishRefresh(ServletWebServerApplicationContext.java:162)
	at org.springframework.context.support.AbstractApplicationContext.refresh(AbstractApplicationContext.java:549)
	at org.springframework.boot.web.servlet.context.ServletWebServerApplicationContext.refresh(ServletWebServerApplicationContext.java:140)
	at org.springframework.boot.SpringApplication.refresh(SpringApplication.java:775)
	at org.springframework.boot.SpringApplication.refreshContext(SpringApplication.java:397)
	at org.springframework.boot.SpringApplication.run(SpringApplication.java:316)
	at org.springframework.boot.SpringApplication.run(SpringApplication.java:1260)
	at org.springframework.boot.SpringApplication.run(SpringApplication.java:1248)
	at com.jonathanweb.funescalade.FunEscaladeApplication.main(FunEscaladeApplication.java:35)
	at java.base/jdk.internal.reflect.NativeMethodAccessorImpl.invoke0(Native Method)
	at java.base/jdk.internal.reflect.NativeMethodAccessorImpl.invoke(NativeMethodAccessorImpl.java:62)
	at java.base/jdk.internal.reflect.DelegatingMethodAccessorImpl.invoke(DelegatingMethodAccessorImpl.java:43)
	at java.base/java.lang.reflect.Method.invoke(Method.java:564)
	at org.springframework.boot.devtools.restart.RestartLauncher.run(RestartLauncher.java:49)
Caused by: java.net.BindException: Address already in use: bind
	at java.base/sun.nio.ch.Net.bind0(Native Method)
	at java.base/sun.nio.ch.Net.bind(Net.java:433)
	at java.base/sun.nio.ch.Net.bind(Net.java:425)
	at java.base/sun.nio.ch.ServerSocketChannelImpl.bind(ServerSocketChannelImpl.java:225)
	at java.base/sun.nio.ch.ServerSocketAdaptor.bind(ServerSocketAdaptor.java:74)
	at org.apache.tomcat.util.net.NioEndpoint.initServerSocket(NioEndpoint.java:236)
	at org.apache.tomcat.util.net.NioEndpoint.bind(NioEndpoint.java:210)
	at org.apache.tomcat.util.net.AbstractEndpoint.start(AbstractEndpoint.java:1108)
	at org.apache.coyote.AbstractProtocol.start(AbstractProtocol.java:550)
	at org.apache.catalina.connector.Connector.startInternal(Connector.java:957)
	... 19 common frames omitted
2019-09-02 15:08:13,250 ERROR org.springframework.boot.diagnostics.LoggingFailureAnalysisReporter [restartedMain] 

***************************
APPLICATION FAILED TO START
***************************

Description:

The Tomcat connector configured to listen on port 8088 failed to start. The port may already be in use or the connector may be misconfigured.

Action:

Verify the connector's configuration, identify and stop any process that's listening on port 8088, or configure this application to listen on another port.

2019-09-02 15:15:49,401 INFO com.jonathanweb.funescalade.FunEscaladeApplication [restartedMain] Starting FunEscaladeApplication on DESKTOP-K7ITJNJ with PID 13208 (C:\Users\Utilisateur\eclipse-workspace\EscaladeBootCurrent\target\classes started by Utilisateur in C:\Users\Utilisateur\eclipse-workspace\EscaladeBootCurrent)
2019-09-02 15:15:49,401 DEBUG com.jonathanweb.funescalade.FunEscaladeApplication [restartedMain] Running with Spring Boot v2.1.0.RELEASE, Spring v5.1.2.RELEASE
2019-09-02 15:15:49,401 INFO com.jonathanweb.funescalade.FunEscaladeApplication [restartedMain] The following profiles are active: dev
2019-09-02 15:15:51,183 INFO com.jonathanweb.funescalade.FunEscaladeApplication [restartedMain] Started FunEscaladeApplication in 1.817 seconds (JVM running for 10360.6)
2019-09-02 15:15:51,185 DEBUG com.jonathanweb.funescalade.FunEscaladeApplication [restartedMain] **** Create default user  [ADMIN, ADMIN, admin@test.com, admin2017]
2019-09-02 15:15:51,191 INFO com.jonathanweb.funescalade.FunEscaladeApplication [restartedMain] Start FunEscaladeAplication GO! ...
2019-09-02 15:21:43,597 INFO com.jonathanweb.funescalade.FunEscaladeApplication [restartedMain] Starting FunEscaladeApplication on DESKTOP-K7ITJNJ with PID 14848 (C:\Users\Utilisateur\eclipse-workspace\EscaladeBootCurrent\target\classes started by Utilisateur in C:\Users\Utilisateur\eclipse-workspace\EscaladeBootCurrent)
2019-09-02 15:21:43,601 DEBUG com.jonathanweb.funescalade.FunEscaladeApplication [restartedMain] Running with Spring Boot v2.1.0.RELEASE, Spring v5.1.2.RELEASE
2019-09-02 15:21:43,602 INFO com.jonathanweb.funescalade.FunEscaladeApplication [restartedMain] The following profiles are active: dev
2019-09-02 15:21:49,518 INFO com.jonathanweb.funescalade.FunEscaladeApplication [restartedMain] Started FunEscaladeApplication in 6.292 seconds (JVM running for 6.975)
2019-09-02 15:21:49,521 DEBUG com.jonathanweb.funescalade.FunEscaladeApplication [restartedMain] **** Create default user  [ADMIN, ADMIN, admin@test.com, admin2017]
2019-09-02 15:21:49,609 INFO com.jonathanweb.funescalade.FunEscaladeApplication [restartedMain] Start FunEscaladeAplication GO! ...
2019-09-02 15:24:12,874 INFO com.jonathanweb.funescalade.FunEscaladeApplication [restartedMain] Starting FunEscaladeApplication on DESKTOP-K7ITJNJ with PID 14848 (C:\Users\Utilisateur\eclipse-workspace\EscaladeBootCurrent\target\classes started by Utilisateur in C:\Users\Utilisateur\eclipse-workspace\EscaladeBootCurrent)
2019-09-02 15:24:12,875 DEBUG com.jonathanweb.funescalade.FunEscaladeApplication [restartedMain] Running with Spring Boot v2.1.0.RELEASE, Spring v5.1.2.RELEASE
2019-09-02 15:24:12,875 INFO com.jonathanweb.funescalade.FunEscaladeApplication [restartedMain] The following profiles are active: dev
2019-09-02 15:24:14,344 INFO com.jonathanweb.funescalade.FunEscaladeApplication [restartedMain] Started FunEscaladeApplication in 1.513 seconds (JVM running for 151.801)
2019-09-02 15:24:14,347 DEBUG com.jonathanweb.funescalade.FunEscaladeApplication [restartedMain] **** Create default user  [ADMIN, ADMIN, admin@test.com, admin2017]
2019-09-02 15:24:14,356 INFO com.jonathanweb.funescalade.FunEscaladeApplication [restartedMain] Start FunEscaladeAplication GO! ...
2019-09-02 15:24:21,498 INFO com.jonathanweb.funescalade.FunEscaladeApplication [restartedMain] Starting FunEscaladeApplication on DESKTOP-K7ITJNJ with PID 14848 (C:\Users\Utilisateur\eclipse-workspace\EscaladeBootCurrent\target\classes started by Utilisateur in C:\Users\Utilisateur\eclipse-workspace\EscaladeBootCurrent)
2019-09-02 15:24:21,499 DEBUG com.jonathanweb.funescalade.FunEscaladeApplication [restartedMain] Running with Spring Boot v2.1.0.RELEASE, Spring v5.1.2.RELEASE
2019-09-02 15:24:21,499 INFO com.jonathanweb.funescalade.FunEscaladeApplication [restartedMain] The following profiles are active: dev
2019-09-02 15:24:23,123 INFO com.jonathanweb.funescalade.FunEscaladeApplication [restartedMain] Started FunEscaladeApplication in 1.662 seconds (JVM running for 160.58)
2019-09-02 15:24:23,126 DEBUG com.jonathanweb.funescalade.FunEscaladeApplication [restartedMain] **** Create default user  [ADMIN, ADMIN, admin@test.com, admin2017]
2019-09-02 15:24:23,134 INFO com.jonathanweb.funescalade.FunEscaladeApplication [restartedMain] Start FunEscaladeAplication GO! ...
2019-09-02 15:25:34,677 INFO com.jonathanweb.funescalade.FunEscaladeApplication [restartedMain] Starting FunEscaladeApplication on DESKTOP-K7ITJNJ with PID 14848 (C:\Users\Utilisateur\eclipse-workspace\EscaladeBootCurrent\target\classes started by Utilisateur in C:\Users\Utilisateur\eclipse-workspace\EscaladeBootCurrent)
2019-09-02 15:25:34,677 DEBUG com.jonathanweb.funescalade.FunEscaladeApplication [restartedMain] Running with Spring Boot v2.1.0.RELEASE, Spring v5.1.2.RELEASE
2019-09-02 15:25:34,677 INFO com.jonathanweb.funescalade.FunEscaladeApplication [restartedMain] The following profiles are active: dev
2019-09-02 15:25:36,232 ERROR org.springframework.boot.SpringApplication [restartedMain] Application run failed
org.springframework.beans.factory.BeanCreationException: Error creating bean with name 'accountController': Lookup method resolution failed; nested exception is java.lang.IllegalStateException: Failed to introspect Class [com.jonathanweb.funescalade.controller.AccountController] from ClassLoader [org.springframework.boot.devtools.restart.classloader.RestartClassLoader@35dcbd35]
	at org.springframework.beans.factory.annotation.AutowiredAnnotationBeanPostProcessor.determineCandidateConstructors(AutowiredAnnotationBeanPostProcessor.java:265)
	at org.springframework.beans.factory.support.AbstractAutowireCapableBeanFactory.determineConstructorsFromBeanPostProcessors(AbstractAutowireCapableBeanFactory.java:1236)
	at org.springframework.beans.factory.support.AbstractAutowireCapableBeanFactory.createBeanInstance(AbstractAutowireCapableBeanFactory.java:1151)
	at org.springframework.beans.factory.support.AbstractAutowireCapableBeanFactory.doCreateBean(AbstractAutowireCapableBeanFactory.java:538)
	at org.springframework.beans.factory.support.AbstractAutowireCapableBeanFactory.createBean(AbstractAutowireCapableBeanFactory.java:498)
	at org.springframework.beans.factory.support.AbstractBeanFactory.lambda$doGetBean$0(AbstractBeanFactory.java:320)
	at org.springframework.beans.factory.support.DefaultSingletonBeanRegistry.getSingleton(DefaultSingletonBeanRegistry.java:222)
	at org.springframework.beans.factory.support.AbstractBeanFactory.doGetBean(AbstractBeanFactory.java:318)
	at org.springframework.beans.factory.support.AbstractBeanFactory.getBean(AbstractBeanFactory.java:199)
	at org.springframework.beans.factory.support.DefaultListableBeanFactory.preInstantiateSingletons(DefaultListableBeanFactory.java:846)
	at org.springframework.context.support.AbstractApplicationContext.finishBeanFactoryInitialization(AbstractApplicationContext.java:863)
	at org.springframework.context.support.AbstractApplicationContext.refresh(AbstractApplicationContext.java:546)
	at org.springframework.boot.web.servlet.context.ServletWebServerApplicationContext.refresh(ServletWebServerApplicationContext.java:140)
	at org.springframework.boot.SpringApplication.refresh(SpringApplication.java:775)
	at org.springframework.boot.SpringApplication.refreshContext(SpringApplication.java:397)
	at org.springframework.boot.SpringApplication.run(SpringApplication.java:316)
	at org.springframework.boot.SpringApplication.run(SpringApplication.java:1260)
	at org.springframework.boot.SpringApplication.run(SpringApplication.java:1248)
	at com.jonathanweb.funescalade.FunEscaladeApplication.main(FunEscaladeApplication.java:35)
	at java.base/jdk.internal.reflect.NativeMethodAccessorImpl.invoke0(Native Method)
	at java.base/jdk.internal.reflect.NativeMethodAccessorImpl.invoke(NativeMethodAccessorImpl.java:62)
	at java.base/jdk.internal.reflect.DelegatingMethodAccessorImpl.invoke(DelegatingMethodAccessorImpl.java:43)
	at java.base/java.lang.reflect.Method.invoke(Method.java:564)
	at org.springframework.boot.devtools.restart.RestartLauncher.run(RestartLauncher.java:49)
Caused by: java.lang.IllegalStateException: Failed to introspect Class [com.jonathanweb.funescalade.controller.AccountController] from ClassLoader [org.springframework.boot.devtools.restart.classloader.RestartClassLoader@35dcbd35]
	at org.springframework.util.ReflectionUtils.getDeclaredMethods(ReflectionUtils.java:680)
	at org.springframework.util.ReflectionUtils.doWithMethods(ReflectionUtils.java:577)
	at org.springframework.util.ReflectionUtils.doWithMethods(ReflectionUtils.java:562)
	at org.springframework.beans.factory.annotation.AutowiredAnnotationBeanPostProcessor.determineCandidateConstructors(AutowiredAnnotationBeanPostProcessor.java:248)
	... 23 common frames omitted
Caused by: java.lang.NoClassDefFoundError: Model
	at java.base/java.lang.Class.getDeclaredMethods0(Native Method)
	at java.base/java.lang.Class.privateGetDeclaredMethods(Class.java:3119)
	at java.base/java.lang.Class.getDeclaredMethods(Class.java:2268)
	at org.springframework.util.ReflectionUtils.getDeclaredMethods(ReflectionUtils.java:662)
	... 26 common frames omitted
Caused by: java.lang.ClassNotFoundException: Model
	at java.base/jdk.internal.loader.BuiltinClassLoader.loadClass(BuiltinClassLoader.java:582)
	at java.base/jdk.internal.loader.ClassLoaders$AppClassLoader.loadClass(ClassLoaders.java:190)
	at java.base/java.lang.ClassLoader.loadClass(ClassLoader.java:499)
	at org.springframework.boot.devtools.restart.classloader.RestartClassLoader.loadClass(RestartClassLoader.java:148)
	at java.base/java.lang.ClassLoader.loadClass(ClassLoader.java:499)
	... 30 common frames omitted
2019-09-02 15:25:49,198 INFO com.jonathanweb.funescalade.FunEscaladeApplication [restartedMain] Starting FunEscaladeApplication on DESKTOP-K7ITJNJ with PID 14848 (C:\Users\Utilisateur\eclipse-workspace\EscaladeBootCurrent\target\classes started by Utilisateur in C:\Users\Utilisateur\eclipse-workspace\EscaladeBootCurrent)
2019-09-02 15:25:49,199 DEBUG com.jonathanweb.funescalade.FunEscaladeApplication [restartedMain] Running with Spring Boot v2.1.0.RELEASE, Spring v5.1.2.RELEASE
2019-09-02 15:25:49,199 INFO com.jonathanweb.funescalade.FunEscaladeApplication [restartedMain] The following profiles are active: dev
2019-09-02 15:25:50,460 INFO com.jonathanweb.funescalade.FunEscaladeApplication [restartedMain] Started FunEscaladeApplication in 1.294 seconds (JVM running for 247.917)
2019-09-02 15:25:50,462 DEBUG com.jonathanweb.funescalade.FunEscaladeApplication [restartedMain] **** Create default user  [ADMIN, ADMIN, admin@test.com, admin2017]
2019-09-02 15:25:50,471 INFO com.jonathanweb.funescalade.FunEscaladeApplication [restartedMain] Start FunEscaladeAplication GO! ...
